
2024-10-13 18:41:37,618:INFO:API yanıtı: Status Code: 200, Content: country_id,latitude,longitude,bright_ti4,scan,track,acq_date,acq_time,satellite,instrument,confidenc
2024-10-13 18:41:37,622:INFO:Veriler CSV formatında 'csv_data/TUR_VIIRS_NOAA20_NRT.csv' olarak güncellendi.
2024-10-13 18:41:37,623:INFO:Veriler JSON formatında 'json_data/TUR_VIIRS_NOAA20_NRT.json' olarak güncellendi.
2024-10-13 18:41:37,632:INFO:Veriler SQLite veritabanına 'sqlite_data/TUR_fire_data.db' olarak eklendi.
2024-10-13 18:41:37,748:INFO:API yanıtı: Status Code: 200, Content: country_id,latitude,longitude,bright_ti4,scan,track,acq_date,acq_time,satellite,instrument,confidenc
2024-10-13 18:41:37,752:INFO:Veriler CSV formatında 'csv_data/TUR_VIIRS_NOAA21_NRT.csv' olarak güncellendi.
2024-10-13 18:41:37,752:INFO:Veriler JSON formatında 'json_data/TUR_VIIRS_NOAA21_NRT.json' olarak güncellendi.
2024-10-13 18:41:37,758:INFO:Veriler SQLite veritabanına 'sqlite_data/TUR_fire_data.db' olarak eklendi.
2024-10-13 18:41:37,941:INFO:API yanıtı: Status Code: 200, Content: country_id,latitude,longitude,bright_ti4,scan,track,acq_date,acq_time,satellite,instrument,confidenc
2024-10-13 18:41:37,945:INFO:Veriler CSV formatında 'csv_data/TUR_VIIRS_SNPP_NRT.csv' olarak güncellendi.
2024-10-13 18:41:37,946:INFO:Veriler JSON formatında 'json_data/TUR_VIIRS_SNPP_NRT.json' olarak güncellendi.
2024-10-13 18:41:37,951:INFO:Veriler SQLite veritabanına 'sqlite_data/TUR_fire_data.db' olarak eklendi.
2024-10-13 18:41:38,161:INFO:'./available_satellites.txt' dosyası zaten güncel, kaydetmeye gerek yok.
2024-10-13 18:41:38,282:INFO:'./country_codes.txt' dosyası zaten güncel, kaydetmeye gerek yok.
2024-10-13 18:56:11,476:INFO:API yanıtı: Status Code: 200, Content: country_id,latitude,longitude,bright_ti4,scan,track,acq_date,acq_time,satellite,instrument,confidenc
2024-10-13 18:56:11,480:INFO:Veriler CSV formatında 'csv_data/TUR_VIIRS_NOAA20_NRT.csv' olarak güncellendi.
2024-10-13 18:56:11,481:INFO:Veriler JSON formatında 'json_data/TUR_VIIRS_NOAA20_NRT.json' olarak güncellendi.
2024-10-13 18:56:11,489:INFO:Veriler SQLite veritabanına 'sqlite_data/TUR_fire_data.db' olarak eklendi.
2024-10-13 18:56:11,631:INFO:API yanıtı: Status Code: 200, Content: country_id,latitude,longitude,bright_ti4,scan,track,acq_date,acq_time,satellite,instrument,confidenc
2024-10-13 18:56:11,634:INFO:Veriler CSV formatında 'csv_data/TUR_VIIRS_NOAA21_NRT.csv' olarak güncellendi.
2024-10-13 18:56:11,635:INFO:Veriler JSON formatında 'json_data/TUR_VIIRS_NOAA21_NRT.json' olarak güncellendi.
2024-10-13 18:56:11,638:INFO:Veriler SQLite veritabanına 'sqlite_data/TUR_fire_data.db' olarak eklendi.
2024-10-13 18:56:11,861:INFO:API yanıtı: Status Code: 200, Content: country_id,latitude,longitude,bright_ti4,scan,track,acq_date,acq_time,satellite,instrument,confidenc
2024-10-13 18:56:11,864:INFO:Veriler CSV formatında 'csv_data/TUR_VIIRS_SNPP_NRT.csv' olarak güncellendi.
2024-10-13 18:56:11,865:INFO:Veriler JSON formatında 'json_data/TUR_VIIRS_SNPP_NRT.json' olarak güncellendi.
2024-10-13 18:56:11,869:INFO:Veriler SQLite veritabanına 'sqlite_data/TUR_fire_data.db' olarak eklendi.
2024-10-13 18:56:12,085:INFO:'./available_satellites.txt' dosyası zaten güncel, kaydetmeye gerek yok.
2024-10-13 18:56:12,187:INFO:'./country_codes.txt' dosyası zaten güncel, kaydetmeye gerek yok.
2024-10-13 19:16:36,377:INFO:API yanıtı: Status Code: 200, Content: country_id,latitude,longitude,bright_ti4,scan,track,acq_date,acq_time,satellite,instrument,confidenc
2024-10-13 19:16:36,382:INFO:Veriler CSV formatında 'csv_data/TUR_VIIRS_NOAA20_NRT.csv' olarak güncellendi.
2024-10-13 19:16:36,383:INFO:Veriler JSON formatında 'json_data/TUR_VIIRS_NOAA20_NRT.json' olarak güncellendi.
2024-10-13 19:16:36,390:INFO:Veriler SQLite veritabanına 'sqlite_data/TUR_fire_data.db' olarak eklendi.
2024-10-13 19:16:36,817:INFO:API yanıtı: Status Code: 200, Content: country_id,latitude,longitude,bright_ti4,scan,track,acq_date,acq_time,satellite,instrument,confidenc
2024-10-13 19:16:36,820:INFO:Veriler CSV formatında 'csv_data/TUR_VIIRS_NOAA21_NRT.csv' olarak güncellendi.
2024-10-13 19:16:36,821:INFO:Veriler JSON formatında 'json_data/TUR_VIIRS_NOAA21_NRT.json' olarak güncellendi.
2024-10-13 19:16:36,825:INFO:Veriler SQLite veritabanına 'sqlite_data/TUR_fire_data.db' olarak eklendi.
2024-10-13 19:16:37,311:INFO:API yanıtı: Status Code: 200, Content: country_id,latitude,longitude,bright_ti4,scan,track,acq_date,acq_time,satellite,instrument,confidenc
2024-10-13 19:16:37,314:INFO:Veriler CSV formatında 'csv_data/TUR_VIIRS_SNPP_NRT.csv' olarak güncellendi.
2024-10-13 19:16:37,315:INFO:Veriler JSON formatında 'json_data/TUR_VIIRS_SNPP_NRT.json' olarak güncellendi.
2024-10-13 19:16:37,319:INFO:Veriler SQLite veritabanına 'sqlite_data/TUR_fire_data.db' olarak eklendi.
2024-10-13 19:16:37,815:INFO:'./available_satellites.txt' dosyası zaten güncel, kaydetmeye gerek yok.
2024-10-13 19:16:38,229:INFO:'./country_codes.txt' dosyası zaten güncel, kaydetmeye gerek yok.
2024-10-13 19:28:13,992:INFO:API yanıtı: Status Code: 200, Content: country_id,latitude,longitude,bright_ti4,scan,track,acq_date,acq_time,satellite,instrument,confidenc
2024-10-13 19:28:13,997:INFO:Veriler CSV formatında 'csv_data/TUR_VIIRS_NOAA20_NRT.csv' olarak güncellendi.
2024-10-13 19:28:13,998:INFO:Veriler JSON formatında 'json_data/TUR_VIIRS_NOAA20_NRT.json' olarak güncellendi.
2024-10-13 19:28:14,006:INFO:Veriler SQLite veritabanına 'sqlite_data/TUR_fire_data.db' olarak eklendi.
2024-10-13 19:28:14,488:INFO:API yanıtı: Status Code: 200, Content: country_id,latitude,longitude,bright_ti4,scan,track,acq_date,acq_time,satellite,instrument,confidenc
2024-10-13 19:28:14,492:INFO:Veriler CSV formatında 'csv_data/TUR_VIIRS_NOAA21_NRT.csv' olarak güncellendi.
2024-10-13 19:28:14,493:INFO:Veriler JSON formatında 'json_data/TUR_VIIRS_NOAA21_NRT.json' olarak güncellendi.
2024-10-13 19:28:14,497:INFO:Veriler SQLite veritabanına 'sqlite_data/TUR_fire_data.db' olarak eklendi.
2024-10-13 19:28:14,969:INFO:API yanıtı: Status Code: 200, Content: country_id,latitude,longitude,bright_ti4,scan,track,acq_date,acq_time,satellite,instrument,confidenc
2024-10-13 19:28:14,973:INFO:Veriler CSV formatında 'csv_data/TUR_VIIRS_SNPP_NRT.csv' olarak güncellendi.
2024-10-13 19:28:14,974:INFO:Veriler JSON formatında 'json_data/TUR_VIIRS_SNPP_NRT.json' olarak güncellendi.
2024-10-13 19:28:14,978:INFO:Veriler SQLite veritabanına 'sqlite_data/TUR_fire_data.db' olarak eklendi.
2024-10-13 19:28:15,452:INFO:'./available_satellites.txt' dosyası zaten güncel, kaydetmeye gerek yok.
2024-10-13 19:28:15,887:INFO:'./country_codes.txt' dosyası zaten güncel, kaydetmeye gerek yok.
2024-10-13 19:39:42,814:INFO:API yanıtı: Status Code: 200, Content: country_id,latitude,longitude,bright_ti4,scan,track,acq_date,acq_time,satellite,instrument,confidenc
2024-10-13 19:39:42,819:INFO:Veriler CSV formatında 'csv_data/TUR_VIIRS_NOAA20_NRT.csv' olarak güncellendi.
2024-10-13 19:39:42,820:INFO:Veriler JSON formatında 'json_data/TUR_VIIRS_NOAA20_NRT.json' olarak güncellendi.
2024-10-13 19:39:42,828:INFO:Veriler SQLite veritabanına 'sqlite_data/TUR_fire_data.db' olarak eklendi.
2024-10-13 19:39:43,041:INFO:API yanıtı: Status Code: 200, Content: country_id,latitude,longitude,bright_ti4,scan,track,acq_date,acq_time,satellite,instrument,confidenc
2024-10-13 19:39:43,044:INFO:Veriler CSV formatında 'csv_data/TUR_VIIRS_NOAA21_NRT.csv' olarak güncellendi.
2024-10-13 19:39:43,045:INFO:Veriler JSON formatında 'json_data/TUR_VIIRS_NOAA21_NRT.json' olarak güncellendi.
2024-10-13 19:39:43,049:INFO:Veriler SQLite veritabanına 'sqlite_data/TUR_fire_data.db' olarak eklendi.
2024-10-13 19:39:43,324:INFO:API yanıtı: Status Code: 200, Content: country_id,latitude,longitude,bright_ti4,scan,track,acq_date,acq_time,satellite,instrument,confidenc
2024-10-13 19:39:43,328:INFO:Veriler CSV formatında 'csv_data/TUR_VIIRS_SNPP_NRT.csv' olarak güncellendi.
2024-10-13 19:39:43,329:INFO:Veriler JSON formatında 'json_data/TUR_VIIRS_SNPP_NRT.json' olarak güncellendi.
2024-10-13 19:39:43,333:INFO:Veriler SQLite veritabanına 'sqlite_data/TUR_fire_data.db' olarak eklendi.
2024-10-13 19:39:43,651:INFO:'./available_satellites.txt' dosyası zaten güncel, kaydetmeye gerek yok.
2024-10-13 19:39:43,856:INFO:'./country_codes.txt' dosyası zaten güncel, kaydetmeye gerek yok.
2024-10-13 19:50:24,694:INFO:API yanıtı: Status Code: 200, Content: country_id,latitude,longitude,bright_ti4,scan,track,acq_date,acq_time,satellite,instrument,confidenc
2024-10-13 19:50:24,699:INFO:Veriler CSV formatında 'csv_data/TUR_VIIRS_NOAA20_NRT.csv' olarak güncellendi.
2024-10-13 19:50:24,700:INFO:Veriler JSON formatında 'json_data/TUR_VIIRS_NOAA20_NRT.json' olarak güncellendi.
2024-10-13 19:50:24,709:INFO:Veriler SQLite veritabanına 'sqlite_data/TUR_fire_data.db' olarak eklendi.
2024-10-13 19:50:24,871:INFO:API yanıtı: Status Code: 200, Content: country_id,latitude,longitude,bright_ti4,scan,track,acq_date,acq_time,satellite,instrument,confidenc
2024-10-13 19:50:24,875:INFO:Veriler CSV formatında 'csv_data/TUR_VIIRS_NOAA21_NRT.csv' olarak güncellendi.
2024-10-13 19:50:24,876:INFO:Veriler JSON formatında 'json_data/TUR_VIIRS_NOAA21_NRT.json' olarak güncellendi.
2024-10-13 19:50:24,880:INFO:Veriler SQLite veritabanına 'sqlite_data/TUR_fire_data.db' olarak eklendi.
2024-10-13 19:50:25,124:INFO:API yanıtı: Status Code: 200, Content: country_id,latitude,longitude,bright_ti4,scan,track,acq_date,acq_time,satellite,instrument,confidenc
2024-10-13 19:50:25,128:INFO:Veriler CSV formatında 'csv_data/TUR_VIIRS_SNPP_NRT.csv' olarak güncellendi.
2024-10-13 19:50:25,129:INFO:Veriler JSON formatında 'json_data/TUR_VIIRS_SNPP_NRT.json' olarak güncellendi.
2024-10-13 19:50:25,133:INFO:Veriler SQLite veritabanına 'sqlite_data/TUR_fire_data.db' olarak eklendi.
2024-10-13 19:50:25,390:INFO:'./available_satellites.txt' dosyası zaten güncel, kaydetmeye gerek yok.
2024-10-13 19:50:25,577:INFO:'./country_codes.txt' dosyası zaten güncel, kaydetmeye gerek yok.
2024-10-13 20:18:14,135:INFO:API yanıtı: Status Code: 200, Content: country_id,latitude,longitude,bright_ti4,scan,track,acq_date,acq_time,satellite,instrument,confidenc
2024-10-13 20:18:14,140:INFO:Veriler CSV formatında 'csv_data/TUR_VIIRS_NOAA20_NRT.csv' olarak güncellendi.
2024-10-13 20:18:14,141:INFO:Veriler JSON formatında 'json_data/TUR_VIIRS_NOAA20_NRT.json' olarak güncellendi.
2024-10-13 20:18:14,190:INFO:Veriler SQLite veritabanına 'sqlite_data/TUR_fire_data.db' olarak eklendi.
2024-10-13 20:18:14,330:INFO:API yanıtı: Status Code: 200, Content: country_id,latitude,longitude,bright_ti4,scan,track,acq_date,acq_time,satellite,instrument,confidenc
2024-10-13 20:18:14,333:INFO:Veriler CSV formatında 'csv_data/TUR_VIIRS_NOAA21_NRT.csv' olarak güncellendi.
2024-10-13 20:18:14,334:INFO:Veriler JSON formatında 'json_data/TUR_VIIRS_NOAA21_NRT.json' olarak güncellendi.
2024-10-13 20:18:14,338:INFO:Veriler SQLite veritabanına 'sqlite_data/TUR_fire_data.db' olarak eklendi.
2024-10-13 20:18:14,512:INFO:API yanıtı: Status Code: 200, Content: country_id,latitude,longitude,bright_ti4,scan,track,acq_date,acq_time,satellite,instrument,confidenc
2024-10-13 20:18:14,515:INFO:Veriler CSV formatında 'csv_data/TUR_VIIRS_SNPP_NRT.csv' olarak güncellendi.
2024-10-13 20:18:14,516:INFO:Veriler JSON formatında 'json_data/TUR_VIIRS_SNPP_NRT.json' olarak güncellendi.
2024-10-13 20:18:14,521:INFO:Veriler SQLite veritabanına 'sqlite_data/TUR_fire_data.db' olarak eklendi.
2024-10-13 20:18:14,744:INFO:'./available_satellites.txt' dosyası zaten güncel, kaydetmeye gerek yok.
2024-10-13 20:18:14,865:INFO:'./country_codes.txt' dosyası zaten güncel, kaydetmeye gerek yok.
2024-10-13 20:31:12,348:INFO:API yanıtı: Status Code: 200, Content: country_id,latitude,longitude,bright_ti4,scan,track,acq_date,acq_time,satellite,instrument,confidenc
2024-10-13 20:31:12,353:INFO:Veriler CSV formatında 'csv_data/TUR_VIIRS_NOAA20_NRT.csv' olarak güncellendi.
2024-10-13 20:31:12,354:INFO:Veriler JSON formatında 'json_data/TUR_VIIRS_NOAA20_NRT.json' olarak güncellendi.
2024-10-13 20:31:12,364:INFO:Veriler SQLite veritabanına 'sqlite_data/TUR_fire_data.db' olarak eklendi.
2024-10-13 20:31:12,513:INFO:API yanıtı: Status Code: 200, Content: country_id,latitude,longitude,bright_ti4,scan,track,acq_date,acq_time,satellite,instrument,confidenc
2024-10-13 20:31:12,516:INFO:Veriler CSV formatında 'csv_data/TUR_VIIRS_NOAA21_NRT.csv' olarak güncellendi.
2024-10-13 20:31:12,517:INFO:Veriler JSON formatında 'json_data/TUR_VIIRS_NOAA21_NRT.json' olarak güncellendi.
2024-10-13 20:31:12,521:INFO:Veriler SQLite veritabanına 'sqlite_data/TUR_fire_data.db' olarak eklendi.
2024-10-13 20:31:12,746:INFO:API yanıtı: Status Code: 200, Content: country_id,latitude,longitude,bright_ti4,scan,track,acq_date,acq_time,satellite,instrument,confidenc
2024-10-13 20:31:12,749:INFO:Veriler CSV formatında 'csv_data/TUR_VIIRS_SNPP_NRT.csv' olarak güncellendi.
2024-10-13 20:31:12,750:INFO:Veriler JSON formatında 'json_data/TUR_VIIRS_SNPP_NRT.json' olarak güncellendi.
2024-10-13 20:31:12,755:INFO:Veriler SQLite veritabanına 'sqlite_data/TUR_fire_data.db' olarak eklendi.
2024-10-13 20:31:12,977:INFO:'./available_satellites.txt' dosyası zaten güncel, kaydetmeye gerek yok.
2024-10-13 20:31:13,107:INFO:'./country_codes.txt' dosyası zaten güncel, kaydetmeye gerek yok.
2024-10-13 20:46:22,942:INFO:API yanıtı: Status Code: 200, Content: country_id,latitude,longitude,bright_ti4,scan,track,acq_date,acq_time,satellite,instrument,confidenc
2024-10-13 20:46:22,947:INFO:Veriler CSV formatında 'csv_data/TUR_VIIRS_NOAA20_NRT.csv' olarak güncellendi.
2024-10-13 20:46:22,948:INFO:Veriler JSON formatında 'json_data/TUR_VIIRS_NOAA20_NRT.json' olarak güncellendi.
2024-10-13 20:46:22,956:INFO:Veriler SQLite veritabanına 'sqlite_data/TUR_fire_data.db' olarak eklendi.
2024-10-13 20:46:23,363:INFO:API yanıtı: Status Code: 200, Content: country_id,latitude,longitude,bright_ti4,scan,track,acq_date,acq_time,satellite,instrument,confidenc
2024-10-13 20:46:23,367:INFO:Veriler CSV formatında 'csv_data/TUR_VIIRS_NOAA21_NRT.csv' olarak güncellendi.
2024-10-13 20:46:23,367:INFO:Veriler JSON formatında 'json_data/TUR_VIIRS_NOAA21_NRT.json' olarak güncellendi.
2024-10-13 20:46:23,371:INFO:Veriler SQLite veritabanına 'sqlite_data/TUR_fire_data.db' olarak eklendi.
2024-10-13 20:46:24,216:INFO:API yanıtı: Status Code: 200, Content: country_id,latitude,longitude,bright_ti4,scan,track,acq_date,acq_time,satellite,instrument,confidenc
2024-10-13 20:46:24,220:INFO:Veriler CSV formatında 'csv_data/TUR_VIIRS_SNPP_NRT.csv' olarak güncellendi.
2024-10-13 20:46:24,221:INFO:Veriler JSON formatında 'json_data/TUR_VIIRS_SNPP_NRT.json' olarak güncellendi.
2024-10-13 20:46:24,225:INFO:Veriler SQLite veritabanına 'sqlite_data/TUR_fire_data.db' olarak eklendi.
2024-10-13 20:46:24,740:INFO:'./available_satellites.txt' dosyası zaten güncel, kaydetmeye gerek yok.
2024-10-13 20:46:25,151:INFO:'./country_codes.txt' dosyası zaten güncel, kaydetmeye gerek yok.
2024-10-13 20:57:03,146:INFO:API yanıtı: Status Code: 200, Content: country_id,latitude,longitude,bright_ti4,scan,track,acq_date,acq_time,satellite,instrument,confidenc
2024-10-13 20:57:03,151:INFO:Veriler CSV formatında 'csv_data/TUR_VIIRS_NOAA20_NRT.csv' olarak güncellendi.
2024-10-13 20:57:03,152:INFO:Veriler JSON formatında 'json_data/TUR_VIIRS_NOAA20_NRT.json' olarak güncellendi.
2024-10-13 20:57:03,163:INFO:Veriler SQLite veritabanına 'sqlite_data/TUR_fire_data.db' olarak eklendi.
2024-10-13 20:57:03,296:INFO:API yanıtı: Status Code: 200, Content: country_id,latitude,longitude,bright_ti4,scan,track,acq_date,acq_time,satellite,instrument,confidenc
2024-10-13 20:57:03,299:INFO:Veriler CSV formatında 'csv_data/TUR_VIIRS_NOAA21_NRT.csv' olarak güncellendi.
2024-10-13 20:57:03,300:INFO:Veriler JSON formatında 'json_data/TUR_VIIRS_NOAA21_NRT.json' olarak güncellendi.
2024-10-13 20:57:03,304:INFO:Veriler SQLite veritabanına 'sqlite_data/TUR_fire_data.db' olarak eklendi.
2024-10-13 20:57:03,464:INFO:API yanıtı: Status Code: 200, Content: country_id,latitude,longitude,bright_ti4,scan,track,acq_date,acq_time,satellite,instrument,confidenc
2024-10-13 20:57:03,468:INFO:Veriler CSV formatında 'csv_data/TUR_VIIRS_SNPP_NRT.csv' olarak güncellendi.
2024-10-13 20:57:03,469:INFO:Veriler JSON formatında 'json_data/TUR_VIIRS_SNPP_NRT.json' olarak güncellendi.
2024-10-13 20:57:03,474:INFO:Veriler SQLite veritabanına 'sqlite_data/TUR_fire_data.db' olarak eklendi.
2024-10-13 20:57:03,700:INFO:'./available_satellites.txt' dosyası zaten güncel, kaydetmeye gerek yok.
2024-10-13 20:57:03,787:INFO:'./country_codes.txt' dosyası zaten güncel, kaydetmeye gerek yok.
2024-10-13 21:19:52,169:INFO:API yanıtı: Status Code: 200, Content: country_id,latitude,longitude,bright_ti4,scan,track,acq_date,acq_time,satellite,instrument,confidenc
2024-10-13 21:19:52,174:INFO:Veriler CSV formatında 'csv_data/TUR_VIIRS_NOAA20_NRT.csv' olarak güncellendi.
2024-10-13 21:19:52,175:INFO:Veriler JSON formatında 'json_data/TUR_VIIRS_NOAA20_NRT.json' olarak güncellendi.
2024-10-13 21:19:52,186:INFO:Veriler SQLite veritabanına 'sqlite_data/TUR_fire_data.db' olarak eklendi.
2024-10-13 21:19:52,391:INFO:API yanıtı: Status Code: 200, Content: country_id,latitude,longitude,bright_ti4,scan,track,acq_date,acq_time,satellite,instrument,confidenc
2024-10-13 21:19:52,395:INFO:Veriler CSV formatında 'csv_data/TUR_VIIRS_NOAA21_NRT.csv' olarak güncellendi.
2024-10-13 21:19:52,396:INFO:Veriler JSON formatında 'json_data/TUR_VIIRS_NOAA21_NRT.json' olarak güncellendi.
2024-10-13 21:19:52,400:INFO:Veriler SQLite veritabanına 'sqlite_data/TUR_fire_data.db' olarak eklendi.
2024-10-13 21:19:52,611:INFO:API yanıtı: Status Code: 200, Content: country_id,latitude,longitude,bright_ti4,scan,track,acq_date,acq_time,satellite,instrument,confidenc
2024-10-13 21:19:52,615:INFO:Veriler CSV formatında 'csv_data/TUR_VIIRS_SNPP_NRT.csv' olarak güncellendi.
2024-10-13 21:19:52,616:INFO:Veriler JSON formatında 'json_data/TUR_VIIRS_SNPP_NRT.json' olarak güncellendi.
2024-10-13 21:19:52,620:INFO:Veriler SQLite veritabanına 'sqlite_data/TUR_fire_data.db' olarak eklendi.
2024-10-13 21:19:52,875:INFO:'./available_satellites.txt' dosyası zaten güncel, kaydetmeye gerek yok.
2024-10-13 21:19:53,049:INFO:'./country_codes.txt' dosyası zaten güncel, kaydetmeye gerek yok.
2024-10-13 21:30:40,577:INFO:API yanıtı: Status Code: 200, Content: country_id,latitude,longitude,bright_ti4,scan,track,acq_date,acq_time,satellite,instrument,confidenc
2024-10-13 21:30:40,581:INFO:Veriler CSV formatında 'csv_data/TUR_VIIRS_NOAA20_NRT.csv' olarak güncellendi.
2024-10-13 21:30:40,582:INFO:Veriler JSON formatında 'json_data/TUR_VIIRS_NOAA20_NRT.json' olarak güncellendi.
2024-10-13 21:30:40,594:INFO:Veriler SQLite veritabanına 'sqlite_data/TUR_fire_data.db' olarak eklendi.
2024-10-13 21:30:40,790:INFO:API yanıtı: Status Code: 200, Content: country_id,latitude,longitude,bright_ti4,scan,track,acq_date,acq_time,satellite,instrument,confidenc
2024-10-13 21:30:40,793:INFO:Veriler CSV formatında 'csv_data/TUR_VIIRS_NOAA21_NRT.csv' olarak güncellendi.
2024-10-13 21:30:40,794:INFO:Veriler JSON formatında 'json_data/TUR_VIIRS_NOAA21_NRT.json' olarak güncellendi.
2024-10-13 21:30:40,798:INFO:Veriler SQLite veritabanına 'sqlite_data/TUR_fire_data.db' olarak eklendi.
2024-10-13 21:30:41,125:INFO:API yanıtı: Status Code: 200, Content: country_id,latitude,longitude,bright_ti4,scan,track,acq_date,acq_time,satellite,instrument,confidenc
2024-10-13 21:30:41,128:INFO:Veriler CSV formatında 'csv_data/TUR_VIIRS_SNPP_NRT.csv' olarak güncellendi.
2024-10-13 21:30:41,129:INFO:Veriler JSON formatında 'json_data/TUR_VIIRS_SNPP_NRT.json' olarak güncellendi.
2024-10-13 21:30:41,133:INFO:Veriler SQLite veritabanına 'sqlite_data/TUR_fire_data.db' olarak eklendi.
2024-10-13 21:30:41,510:INFO:'./available_satellites.txt' dosyası zaten güncel, kaydetmeye gerek yok.
2024-10-13 21:30:41,679:INFO:'./country_codes.txt' dosyası zaten güncel, kaydetmeye gerek yok.
